<?xml version="1.0" encoding="UTF-8"?>
<robot generator="Robot 3.0.2 (Python 3.6.1 on win32)" generated="20171005 14:03:58.670">
<suite id="s1" name="Google search test" source="C:\Users\vdanh\Desktop\robotframwork_tuturial\robotframework_tuturial\WebDemo\Google_search_test">
<suite id="s1-s1" name="Google search test" source="C:\Users\vdanh\Desktop\robotframwork_tuturial\robotframework_tuturial\WebDemo\Google_search_test\Google_search_test.robot">
<kw name="Open browser using Webdriver" type="setup">
<kw name="Create Webdriver" library="Selenium2Library">
<doc>Creates an instance of a WebDriver.</doc>
<arguments>
<arg>${BROWSER}</arg>
<arg>executable_path=${PATH DICT["${BROWSER.lower()}"]}</arg>
</arguments>
<msg timestamp="20171005 14:03:58.885" level="INFO">Creating an instance of the Chrome WebDriver</msg>
<status status="PASS" starttime="20171005 14:03:58.885" endtime="20171005 14:04:02.338"></status>
</kw>
<kw name="Maximize Browser Window" library="Selenium2Library">
<doc>Maximizes current browser window.</doc>
<status status="PASS" starttime="20171005 14:04:02.338" endtime="20171005 14:04:03.494"></status>
</kw>
<kw name="Set Selenium Speed" library="Selenium2Library">
<doc>Sets the delay in seconds that is waited after each Selenium command.</doc>
<arguments>
<arg>${DELAY}</arg>
</arguments>
<status status="PASS" starttime="20171005 14:04:03.494" endtime="20171005 14:04:03.494"></status>
</kw>
<status status="PASS" starttime="20171005 14:03:58.884" endtime="20171005 14:04:03.494"></status>
</kw>
<test id="s1-s1-t1" name="Google search then find">
<kw name="Google and check result">
<arguments>
<arg>evolable asia</arg>
<arg>vn.evolableasia.com/</arg>
</arguments>
<kw name="Go to homepage">
<kw name="Go To" library="Selenium2Library">
<doc>Navigates the active browser instance to the provided URL.</doc>
<arguments>
<arg>${HOMEPAGE}</arg>
</arguments>
<msg timestamp="20171005 14:04:03.494" level="INFO">Opening url 'http://google.com.vn'</msg>
<status status="PASS" starttime="20171005 14:04:03.494" endtime="20171005 14:04:06.851"></status>
</kw>
<status status="PASS" starttime="20171005 14:04:03.494" endtime="20171005 14:04:06.851"></status>
</kw>
<kw name="Input Text" library="Selenium2Library">
<doc>Types the given `text` into text field identified by `locator`.</doc>
<arguments>
<arg>id=lst-ib</arg>
<arg>${search key}</arg>
</arguments>
<msg timestamp="20171005 14:04:06.851" level="INFO">Typing text 'evolable asia' into text field 'id=lst-ib'</msg>
<status status="PASS" starttime="20171005 14:04:06.851" endtime="20171005 14:04:08.544"></status>
</kw>
<kw name="Press Key" library="Selenium2Library">
<doc>Simulates user pressing key on element identified by `locator`.</doc>
<arguments>
<arg>id=lst-ib</arg>
<arg>\\13</arg>
</arguments>
<status status="PASS" starttime="20171005 14:04:08.544" endtime="20171005 14:04:11.017"></status>
</kw>
<kw name="Wait Until Page Contains" library="Selenium2Library">
<doc>Waits until `text` appears on current page.</doc>
<arguments>
<arg>${result}</arg>
</arguments>
<status status="PASS" starttime="20171005 14:04:11.017" endtime="20171005 14:04:11.533"></status>
</kw>
<status status="PASS" starttime="20171005 14:04:03.494" endtime="20171005 14:04:11.533"></status>
</kw>
<kw name="Google and check result">
<arguments>
<arg>python</arg>
<arg>python.org</arg>
</arguments>
<kw name="Go to homepage">
<kw name="Go To" library="Selenium2Library">
<doc>Navigates the active browser instance to the provided URL.</doc>
<arguments>
<arg>${HOMEPAGE}</arg>
</arguments>
<msg timestamp="20171005 14:04:11.533" level="INFO">Opening url 'http://google.com.vn'</msg>
<status status="PASS" starttime="20171005 14:04:11.533" endtime="20171005 14:04:12.671"></status>
</kw>
<status status="PASS" starttime="20171005 14:04:11.533" endtime="20171005 14:04:12.671"></status>
</kw>
<kw name="Input Text" library="Selenium2Library">
<doc>Types the given `text` into text field identified by `locator`.</doc>
<arguments>
<arg>id=lst-ib</arg>
<arg>${search key}</arg>
</arguments>
<msg timestamp="20171005 14:04:12.671" level="INFO">Typing text 'python' into text field 'id=lst-ib'</msg>
<status status="PASS" starttime="20171005 14:04:12.671" endtime="20171005 14:04:14.292"></status>
</kw>
<kw name="Press Key" library="Selenium2Library">
<doc>Simulates user pressing key on element identified by `locator`.</doc>
<arguments>
<arg>id=lst-ib</arg>
<arg>\\13</arg>
</arguments>
<status status="PASS" starttime="20171005 14:04:14.292" endtime="20171005 14:04:16.150"></status>
</kw>
<kw name="Wait Until Page Contains" library="Selenium2Library">
<doc>Waits until `text` appears on current page.</doc>
<arguments>
<arg>${result}</arg>
</arguments>
<status status="PASS" starttime="20171005 14:04:16.150" endtime="20171005 14:04:16.676"></status>
</kw>
<status status="PASS" starttime="20171005 14:04:11.533" endtime="20171005 14:04:16.676"></status>
</kw>
<kw name="Google and check result">
<arguments>
<arg>facebook</arg>
<arg>facebook.com</arg>
</arguments>
<kw name="Go to homepage">
<kw name="Go To" library="Selenium2Library">
<doc>Navigates the active browser instance to the provided URL.</doc>
<arguments>
<arg>${HOMEPAGE}</arg>
</arguments>
<msg timestamp="20171005 14:04:16.676" level="INFO">Opening url 'http://google.com.vn'</msg>
<status status="PASS" starttime="20171005 14:04:16.676" endtime="20171005 14:04:17.662"></status>
</kw>
<status status="PASS" starttime="20171005 14:04:16.676" endtime="20171005 14:04:17.662"></status>
</kw>
<kw name="Input Text" library="Selenium2Library">
<doc>Types the given `text` into text field identified by `locator`.</doc>
<arguments>
<arg>id=lst-ib</arg>
<arg>${search key}</arg>
</arguments>
<msg timestamp="20171005 14:04:17.662" level="INFO">Typing text 'facebook' into text field 'id=lst-ib'</msg>
<status status="PASS" starttime="20171005 14:04:17.662" endtime="20171005 14:04:19.337"></status>
</kw>
<kw name="Press Key" library="Selenium2Library">
<doc>Simulates user pressing key on element identified by `locator`.</doc>
<arguments>
<arg>id=lst-ib</arg>
<arg>\\13</arg>
</arguments>
<status status="PASS" starttime="20171005 14:04:19.337" endtime="20171005 14:04:21.125"></status>
</kw>
<kw name="Wait Until Page Contains" library="Selenium2Library">
<doc>Waits until `text` appears on current page.</doc>
<arguments>
<arg>${result}</arg>
</arguments>
<status status="PASS" starttime="20171005 14:04:21.125" endtime="20171005 14:04:21.656"></status>
</kw>
<status status="PASS" starttime="20171005 14:04:16.676" endtime="20171005 14:04:21.656"></status>
</kw>
<status status="PASS" starttime="20171005 14:04:03.494" endtime="20171005 14:04:21.656" critical="yes"></status>
</test>
<kw name="Close All Browsers" library="Selenium2Library" type="teardown">
<doc>Closes all open browsers and resets the browser cache.</doc>
<status status="PASS" starttime="20171005 14:04:21.656" endtime="20171005 14:04:25.339"></status>
</kw>
<status status="PASS" starttime="20171005 14:03:58.712" endtime="20171005 14:04:25.339"></status>
</suite>
<status status="PASS" starttime="20171005 14:03:58.672" endtime="20171005 14:04:25.339"></status>
</suite>
<statistics>
<total>
<stat pass="1" fail="0">Critical Tests</stat>
<stat pass="1" fail="0">All Tests</stat>
</total>
<tag>
</tag>
<suite>
<stat pass="1" fail="0" id="s1" name="Google search test">Google search test</stat>
<stat pass="1" fail="0" id="s1-s1" name="Google search test">Google search test.Google search test</stat>
</suite>
</statistics>
<errors>
</errors>
</robot>
